<?xml version="1.0" encoding="UTF-8"?>
<!-- Generated by org.testng.reporters.JUnitReportReporter -->
<testsuite hostname="Anusuya" failures="0" tests="2" name="RoughWork" time="14.016" errors="0" timestamp="2023-12-19T16:31:45 EST" skipped="0">
  <testcase classname="RoughWork" name="Sample2" time="5.795"/>
  <testcase classname="RoughWork" name="Sample" time="8.221"/>
</testsuite> <!-- RoughWork -->
